<?xml version="1.0" encoding="UTF-8"?>
<testsuite xmlns:xsi="http://www.w3.org/2001/XMLSchema-instance" xsi:noNamespaceSchemaLocation="https://maven.apache.org/surefire/maven-surefire-plugin/xsd/surefire-test-report-3.0.xsd" version="3.0" name="com.tetris.model.ScoreSystemTest" time="0.073" tests="28" errors="0" skipped="0" failures="0">
  <properties>
[...]
</properties>
  <testcase name="backToBackTetris" classname="com.tetris.model.ScoreSystemTest" time="0.012"/>
  <testcase name="backToBackBrokenByNonDifficultClear" classname="com.tetris.model.ScoreSystemTest" time="0.001"/>
  <testcase name="levelAdvancesWith4LineClear" classname="com.tetris.model.ScoreSystemTest" time="0.0"/>
  <testcase name="scoringScalesWithLevel" classname="com.tetris.model.ScoreSystemTest" time="0.001"/>
  <testcase name="levelAdvancesEvery10Lines" classname="com.tetris.model.ScoreSystemTest" time="0.001"/>
  <testcase name="tripleLineClear" classname="com.tetris.model.ScoreSystemTest" time="0.0"/>
  <testcase name="miniTSpinNoLines" classname="com.tetris.model.ScoreSystemTest" time="0.0"/>
  <testcase name="singleLineClear" classname="com.tetris.model.ScoreSystemTest" time="0.0"/>
  <testcase name="lastActionTextTSpin" classname="com.tetris.model.ScoreSystemTest" time="0.004"/>
  <testcase name="gravityStartsSlow" classname="com.tetris.model.ScoreSystemTest" time="0.001"/>
  <testcase name="initialState" classname="com.tetris.model.ScoreSystemTest" time="0.001"/>
  <testcase name="perfectClearSingle" classname="com.tetris.model.ScoreSystemTest" time="0.008"/>
  <testcase name="tSpinNoLines" classname="com.tetris.model.ScoreSystemTest" time="0.001"/>
  <testcase name="backToBackTSpin" classname="com.tetris.model.ScoreSystemTest" time="0.001"/>
  <testcase name="constructorDefaultLevel" classname="com.tetris.model.ScoreSystemTest" time="0.001"/>
  <testcase name="softDropPoints" classname="com.tetris.model.ScoreSystemTest" time="0.001"/>
  <testcase name="gravityGetsFasterWithLevel" classname="com.tetris.model.ScoreSystemTest" time="0.001"/>
  <testcase name="perfectClearBonus" classname="com.tetris.model.ScoreSystemTest" time="0.001"/>
  <testcase name="tetrisLineClear" classname="com.tetris.model.ScoreSystemTest" time="0.001"/>
  <testcase name="comboScoring" classname="com.tetris.model.ScoreSystemTest" time="0.0"/>
  <testcase name="doubleLineClear" classname="com.tetris.model.ScoreSystemTest" time="0.001"/>
  <testcase name="comboResetsOnNoLineClear" classname="com.tetris.model.ScoreSystemTest" time="0.001"/>
  <testcase name="tSpinDouble" classname="com.tetris.model.ScoreSystemTest" time="0.001"/>
  <testcase name="hardDropPoints" classname="com.tetris.model.ScoreSystemTest" time="0.001"/>
  <testcase name="miniTSpinSingle" classname="com.tetris.model.ScoreSystemTest" time="0.001"/>
  <testcase name="tSpinSingle" classname="com.tetris.model.ScoreSystemTest" time="0.001"/>
  <testcase name="tSpinTriple" classname="com.tetris.model.ScoreSystemTest" time="0.001"/>
  <testcase name="lastActionText" classname="com.tetris.model.ScoreSystemTest" time="0.001"/>
</testsuite>